<?xml version="1.0" encoding="UTF-8"?>
<!-- Generated by org.testng.reporters.JUnitReportReporter -->
<testsuite skipped="0" hostname="ip-172-31-26-51" name="utils.DataUtils" tests="1" failures="0" timestamp="2022-12-17T18:02:52 UTC" time="0.701" errors="0">
  <testcase name="testdataextraction" time="0.701" classname="utils.DataUtils"/>
  <system-out/>
</testsuite> <!-- utils.DataUtils -->
