<?xml version="1.0" encoding="UTF-8"?>
<!-- Generated by org.testng.reporters.JUnitReportReporter -->
<testsuite skipped="0" hostname="ip-172-31-25-135" name="testcases.LoginTest" tests="1" failures="0" timestamp="2023-01-07T19:18:33 UTC" time="22.339" errors="0">
  <testcase name="testLogin" time="22.339" classname="testcases.LoginTest"/>
  <system-out/>
</testsuite> <!-- testcases.LoginTest -->
