<?xml version="1.0" encoding="UTF-8"?>
<!-- Generated by org.testng.reporters.JUnitReportReporter -->
<testsuite skipped="0" hostname="ip-172-31-25-135" name="com.bdd.runners.LoginModuleRunner" tests="6" failures="0" timestamp="2023-01-14T17:03:23 UTC" time="284.441" errors="0">
  <testcase name="runScenario" time="42.989" classname="com.bdd.runners.LoginModuleRunner"/>
  <system-out/>
  <testcase name="runScenario" time="50.384" classname="com.bdd.runners.LoginModuleRunner"/>
  <system-out/>
  <testcase name="runScenario" time="31.067" classname="com.bdd.runners.LoginModuleRunner"/>
  <system-out/>
  <testcase name="runScenario" time="43.782" classname="com.bdd.runners.LoginModuleRunner"/>
  <system-out/>
  <testcase name="runScenario" time="72.563" classname="com.bdd.runners.LoginModuleRunner"/>
  <system-out/>
  <testcase name="runScenario" time="43.656" classname="com.bdd.runners.LoginModuleRunner"/>
  <system-out/>
</testsuite> <!-- com.bdd.runners.LoginModuleRunner -->
